#
# There is insufficient memory for the Java Runtime Environment to continue.
# Native memory allocation (malloc) failed to allocate 631696 bytes for Chunk::new
# Possible reasons:
#   The system is out of physical RAM or swap space
#   The process is running with CompressedOops enabled, and the Java Heap may be blocking the growth of the native heap
# Possible solutions:
#   Reduce memory load on the system
#   Increase physical memory or swap space
#   Check if swap backing store is full
#   Decrease Java heap size (-Xmx/-Xms)
#   Decrease number of Java threads
#   Decrease Java thread stack sizes (-Xss)
#   Set larger code cache with -XX:ReservedCodeCacheSize=
#   JVM is running with Unscaled Compressed Oops mode in which the Java heap is
#     placed in the first 4GB address space. The Java Heap base address is the
#     maximum limit for the native heap growth. Please use -XX:HeapBaseMinAddress
#     to set the Java Heap base and to place the Java Heap above 4GB virtual address.
# This output file may be truncated or incomplete.
#
#  Out of Memory Error (allocation.cpp:389), pid=8148, tid=0x000000000000029c
#
# JRE version: OpenJDK Runtime Environment (8.0_202-b03) (build 1.8.0_202-release-1483-b03)
# Java VM: OpenJDK 64-Bit Server VM (25.202-b03 mixed mode windows-amd64 compressed oops)
# Failed to write core dump. Minidumps are not enabled by default on client versions of Windows
#

---------------  T H R E A D  ---------------

Current thread (0x0000000018ce4800):  JavaThread "C2 CompilerThread0" daemon [_thread_in_native, id=668, stack(0x000000001a340000,0x000000001a440000)]

Stack: [0x000000001a340000,0x000000001a440000]
[error occurred during error reporting (printing stack bounds), id 0xc0000005]

Native frames: (J=compiled Java code, j=interpreted, Vv=VM code, C=native code)


Current CompileTask:
C2: 133209 5390       4       org.gradle.internal.logging.sink.OutputEventTransformer::onOutput (399 bytes)


---------------  P R O C E S S  ---------------

Java Threads: ( => current thread )
  0x000000001ce7c800 JavaThread "Build operations Thread 4" [_thread_blocked, id=2240, stack(0x0000000025c70000,0x0000000025d70000)]
  0x000000001ce7f800 JavaThread "Build operations Thread 3" [_thread_blocked, id=2652, stack(0x0000000025b70000,0x0000000025c70000)]
  0x000000001ce7d800 JavaThread "Build operations Thread 2" [_thread_blocked, id=3228, stack(0x0000000025a70000,0x0000000025b70000)]
  0x000000001ce7f000 JavaThread "Build operations" [_thread_blocked, id=1124, stack(0x0000000025710000,0x0000000025810000)]
  0x000000001be6e800 JavaThread "Cache worker for execution history cache (C:\Users\Said M\.gradle\caches\6.1.1\executionHistory)" [_thread_blocked, id=9304, stack(0x0000000022690000,0x0000000022790000)]
  0x000000001be6e000 JavaThread "Cache worker for cache directory md-rule (C:\Users\Said M\.gradle\caches\6.1.1\md-rule)" [_thread_blocked, id=3200, stack(0x0000000022590000,0x0000000022690000)]
  0x000000001be6f800 JavaThread "Cache worker for cache directory md-supplier (C:\Users\Said M\.gradle\caches\6.1.1\md-supplier)" [_thread_blocked, id=7204, stack(0x0000000021250000,0x0000000021350000)]
  0x000000001be6b800 JavaThread "Cache worker for file hash cache (G:\Data\2AIM\PROJECTS MANAGEMENT\Restorent app\RestaurentApp\.gradle\6.1.1\fileHashes)" [_thread_blocked, id=8128, stack(0x0000000020f50000,0x0000000021050000)]
  0x000000001be6b000 JavaThread "Cache worker for checksums cache (G:\Data\2AIM\PROJECTS MANAGEMENT\Restorent app\RestaurentApp\.gradle\checksums)" [_thread_blocked, id=2692, stack(0x0000000020e50000,0x0000000020f50000)]
  0x000000001be6d000 JavaThread "Cache worker for file hash cache (C:\Users\Said M\.gradle\caches\6.1.1\fileHashes)" [_thread_blocked, id=2884, stack(0x0000000020a50000,0x0000000020b50000)]
  0x000000001be6c800 JavaThread "File lock request listener" [_thread_in_native, id=4276, stack(0x000000001f980000,0x000000001fa80000)]
  0x000000001b6af800 JavaThread "Cache worker for journal cache (C:\Users\Said M\.gradle\caches\journal-1)" [_thread_blocked, id=7256, stack(0x000000001e8b0000,0x000000001e9b0000)]
  0x000000001c93b000 JavaThread "Thread-9" [_thread_blocked, id=10608, stack(0x000000001e5b0000,0x000000001e6b0000)]
  0x000000001c923000 JavaThread "Asynchronous log dispatcher for DefaultDaemonConnection: socket connection from /127.0.0.1:50853 to /127.0.0.1:50854" [_thread_blocked, id=10124, stack(0x000000001e3b0000,0x000000001e4b0000)]
  0x000000001c872000 JavaThread "Daemon worker" [_thread_in_native, id=3772, stack(0x000000001e2b0000,0x000000001e3b0000)]
  0x000000001c86c000 JavaThread "Cancel handler" [_thread_blocked, id=7612, stack(0x000000001e1b0000,0x000000001e2b0000)]
  0x000000001c755800 JavaThread "Handler for socket connection from /127.0.0.1:50853 to /127.0.0.1:50854" [_thread_in_native, id=5064, stack(0x000000001deb0000,0x000000001dfb0000)]
  0x000000001b9a0800 JavaThread "Daemon" [_thread_blocked, id=8452, stack(0x000000001ddb0000,0x000000001deb0000)]
  0x000000001c7b4000 JavaThread "Daemon periodic checks" [_thread_blocked, id=1880, stack(0x000000001dcb0000,0x000000001ddb0000)]
  0x000000001c7b5800 JavaThread "Incoming local TCP Connector on port 50853" [_thread_in_native, id=10924, stack(0x000000001ad40000,0x000000001ae40000)]
  0x000000001c301000 JavaThread "Daemon health stats" [_thread_blocked, id=3300, stack(0x000000001ac40000,0x000000001ad40000)]
  0x000000001a5a9800 JavaThread "Service Thread" daemon [_thread_blocked, id=2352, stack(0x000000001aa40000,0x000000001ab40000)]
  0x000000001a55b000 JavaThread "C1 CompilerThread2" daemon [_thread_blocked, id=964, stack(0x000000001a940000,0x000000001aa40000)]
  0x0000000018ce9000 JavaThread "C2 CompilerThread1" daemon [_thread_blocked, id=11160, stack(0x000000001a440000,0x000000001a540000)]
=>0x0000000018ce4800 JavaThread "C2 CompilerThread0" daemon [_thread_in_native, id=668, stack(0x000000001a340000,0x000000001a440000)]
  0x0000000018ce3800 JavaThread "Attach Listener" daemon [_thread_blocked, id=9464, stack(0x000000001a240000,0x000000001a340000)]
  0x0000000018d30800 JavaThread "Signal Dispatcher" daemon [_thread_blocked, id=10016, stack(0x000000001a140000,0x000000001a240000)]
  0x0000000005364000 JavaThread "Finalizer" daemon [_thread_blocked, id=8888, stack(0x0000000019f50000,0x000000001a050000)]
  0x0000000005361000 JavaThread "Reference Handler" daemon [_thread_blocked, id=2552, stack(0x0000000019e50000,0x0000000019f50000)]
  0x000000000516d800 JavaThread "main" [_thread_blocked, id=3172, stack(0x0000000004f90000,0x0000000005090000)]

Other Threads:
  0x0000000018ca6800 VMThread [stack: 0x0000000019d50000,0x0000000019e50000] [id=11092]
  0x000000001a5aa800 WatcherThread [stack: 0x000000001ab40000,0x000000001ac40000] [id=9324]

VM state:not at safepoint (normal execution)

VM Mutex/Monitor currently owned by a thread: None

heap address: 0x00000000a0000000, size: 1536 MB, Compressed Oops mode: 32-bit
Narrow klass base: 0x0000000000000000, Narrow klass shift: 3
Compressed class space size: 1073741824 Address: 0x0000000100000000

Heap:
 PSYoungGen      total 244736K, used 138699K [0x00000000e0000000, 0x00000000f0600000, 0x0000000100000000)
  eden space 235008K, 54% used [0x00000000e0000000,0x00000000e7e1f1c8,0x00000000ee580000)
  from space 9728K, 98% used [0x00000000efc80000,0x00000000f05d3b68,0x00000000f0600000)
  to   space 15872K, 0% used [0x00000000ee700000,0x00000000ee700000,0x00000000ef680000)
 ParOldGen       total 58368K, used 15687K [0x00000000a0000000, 0x00000000a3900000, 0x00000000e0000000)
  object space 58368K, 26% used [0x00000000a0000000,0x00000000a0f51ee8,0x00000000a3900000)
 Metaspace       used 45194K, capacity 46622K, committed 46768K, reserved 1089536K
  class space    used 5956K, capacity 6254K, committed 6320K, reserved 1048576K

Card table byte_map: [0x0000000014730000,0x0000000014a40000] byte_map_base: 0x0000000014230000

Marking Bits: (ParMarkBitMap*) 0x000000006a669f30
 Begin Bits: [0x0000000015040000, 0x0000000016840000)
 End Bits:   [0x0000000016840000, 0x0000000018040000)

Polling page: 0x00000000033c0000

CodeCache: size=245760Kb used=16483Kb max_used=16498Kb free=229276Kb
 bounds [0x0000000005370000, 0x00000000063b0000, 0x0000000014370000]
 total_blobs=5483 nmethods=4704 adapters=690
 compilation: enabled

Compilation events (10 events):
Event: 133.107 Thread 0x000000001a55b000 nmethod 5413 0x0000000006355190 code [0x0000000006355300, 0x0000000006355550]
Event: 133.112 Thread 0x000000001a55b000 5414       3       groovyjarjarantlr.ANTLRHashString::<init> (15 bytes)
Event: 133.113 Thread 0x000000001a55b000 nmethod 5414 0x0000000006103010 code [0x0000000006103180, 0x00000000061033d0]
Event: 133.113 Thread 0x000000001a55b000 5415       3       groovyjarjarantlr.ANTLRHashString::setString (11 bytes)
Event: 133.113 Thread 0x000000001a55b000 nmethod 5415 0x0000000006354e50 code [0x0000000006354fa0, 0x0000000006355110]
Event: 133.114 Thread 0x000000001a55b000 5416   !   3       org.codehaus.groovy.antlr.parser.GroovyRecognizer::expression (324 bytes)
Event: 133.118 Thread 0x000000001a55b000 nmethod 5416 0x00000000063758d0 code [0x0000000006375d20, 0x0000000006378ec8]
Event: 133.118 Thread 0x000000001a55b000 5418       3       groovyjarjarantlr.MismatchedTokenException::<init> (59 bytes)
Event: 133.119 Thread 0x000000001a55b000 nmethod 5418 0x00000000061428d0 code [0x0000000006142a80, 0x00000000061430d8]
Event: 133.119 Thread 0x000000001a55b000 5417       3       org.codehaus.groovy.antlr.parser.GroovyRecognizer::assignmentExpression (1643 bytes)

GC Heap History (10 events):
Event: 15.659 GC heap before
{Heap before GC invocations=8 (full 1):
 PSYoungGen      total 140800K, used 131072K [0x00000000e0000000, 0x00000000e9300000, 0x0000000100000000)
  eden space 131072K, 100% used [0x00000000e0000000,0x00000000e8000000,0x00000000e8000000)
  from space 9728K, 0% used [0x00000000e8980000,0x00000000e8980000,0x00000000e9300000)
  to   space 9728K, 0% used [0x00000000e8000000,0x00000000e8000000,0x00000000e8980000)
 ParOldGen       total 44544K, used 11779K [0x00000000a0000000, 0x00000000a2b80000, 0x00000000e0000000)
  object space 44544K, 26% used [0x00000000a0000000,0x00000000a0b80df8,0x00000000a2b80000)
 Metaspace       used 34252K, capacity 35062K, committed 35248K, reserved 1079296K
  class space    used 4513K, capacity 4752K, committed 4784K, reserved 1048576K
Event: 15.712 GC heap after
Heap after GC invocations=8 (full 1):
 PSYoungGen      total 140800K, used 9727K [0x00000000e0000000, 0x00000000ed380000, 0x0000000100000000)
  eden space 131072K, 0% used [0x00000000e0000000,0x00000000e0000000,0x00000000e8000000)
  from space 9728K, 99% used [0x00000000e8000000,0x00000000e897fed8,0x00000000e8980000)
  to   space 13824K, 0% used [0x00000000ec600000,0x00000000ec600000,0x00000000ed380000)
 ParOldGen       total 44544K, used 16358K [0x00000000a0000000, 0x00000000a2b80000, 0x00000000e0000000)
  object space 44544K, 36% used [0x00000000a0000000,0x00000000a0ff9878,0x00000000a2b80000)
 Metaspace       used 34252K, capacity 35062K, committed 35248K, reserved 1079296K
  class space    used 4513K, capacity 4752K, committed 4784K, reserved 1048576K
}
Event: 16.003 GC heap before
{Heap before GC invocations=9 (full 1):
 PSYoungGen      total 140800K, used 18693K [0x00000000e0000000, 0x00000000ed380000, 0x0000000100000000)
  eden space 131072K, 6% used [0x00000000e0000000,0x00000000e08c1780,0x00000000e8000000)
  from space 9728K, 99% used [0x00000000e8000000,0x00000000e897fed8,0x00000000e8980000)
  to   space 13824K, 0% used [0x00000000ec600000,0x00000000ec600000,0x00000000ed380000)
 ParOldGen       total 44544K, used 16358K [0x00000000a0000000, 0x00000000a2b80000, 0x00000000e0000000)
  object space 44544K, 36% used [0x00000000a0000000,0x00000000a0ff9878,0x00000000a2b80000)
 Metaspace       used 34539K, capacity 35370K, committed 35496K, reserved 1079296K
  class space    used 4565K, capacity 4826K, committed 4912K, reserved 1048576K
Event: 16.021 GC heap after
Heap after GC invocations=9 (full 1):
 PSYoungGen      total 203776K, used 5818K [0x00000000e0000000, 0x00000000eea80000, 0x0000000100000000)
  eden space 189952K, 0% used [0x00000000e0000000,0x00000000e0000000,0x00000000eb980000)
  from space 13824K, 42% used [0x00000000ec600000,0x00000000ecbae970,0x00000000ed380000)
  to   space 12800K, 0% used [0x00000000eb980000,0x00000000eb980000,0x00000000ec600000)
 ParOldGen       total 44544K, used 16366K [0x00000000a0000000, 0x00000000a2b80000, 0x00000000e0000000)
  object space 44544K, 36% used [0x00000000a0000000,0x00000000a0ffb878,0x00000000a2b80000)
 Metaspace       used 34539K, capacity 35370K, committed 35496K, reserved 1079296K
  class space    used 4565K, capacity 4826K, committed 4912K, reserved 1048576K
}
Event: 16.021 GC heap before
{Heap before GC invocations=10 (full 2):
 PSYoungGen      total 203776K, used 5818K [0x00000000e0000000, 0x00000000eea80000, 0x0000000100000000)
  eden space 189952K, 0% used [0x00000000e0000000,0x00000000e0000000,0x00000000eb980000)
  from space 13824K, 42% used [0x00000000ec600000,0x00000000ecbae970,0x00000000ed380000)
  to   space 12800K, 0% used [0x00000000eb980000,0x00000000eb980000,0x00000000ec600000)
 ParOldGen       total 44544K, used 16366K [0x00000000a0000000, 0x00000000a2b80000, 0x00000000e0000000)
  object space 44544K, 36% used [0x00000000a0000000,0x00000000a0ffb878,0x00000000a2b80000)
 Metaspace       used 34539K, capacity 35370K, committed 35496K, reserved 1079296K
  class space    used 4565K, capacity 4826K, committed 4912K, reserved 1048576K
Event: 16.218 GC heap after
Heap after GC invocations=10 (full 2):
 PSYoungGen      total 203776K, used 0K [0x00000000e0000000, 0x00000000eea80000, 0x0000000100000000)
  eden space 189952K, 0% used [0x00000000e0000000,0x00000000e0000000,0x00000000eb980000)
  from space 13824K, 0% used [0x00000000ec600000,0x00000000ec600000,0x00000000ed380000)
  to   space 12800K, 0% used [0x00000000eb980000,0x00000000eb980000,0x00000000ec600000)
 ParOldGen       total 58368K, used 12651K [0x00000000a0000000, 0x00000000a3900000, 0x00000000e0000000)
  object space 58368K, 21% used [0x00000000a0000000,0x00000000a0c5ada8,0x00000000a3900000)
 Metaspace       used 34527K, capacity 35358K, committed 35496K, reserved 1079296K
  class space    used 4561K, capacity 4822K, committed 4912K, reserved 1048576K
}
Event: 27.192 GC heap before
{Heap before GC invocations=11 (full 2):
 PSYoungGen      total 203776K, used 189952K [0x00000000e0000000, 0x00000000eea80000, 0x0000000100000000)
  eden space 189952K, 100% used [0x00000000e0000000,0x00000000eb980000,0x00000000eb980000)
  from space 13824K, 0% used [0x00000000ec600000,0x00000000ec600000,0x00000000ed380000)
  to   space 12800K, 0% used [0x00000000eb980000,0x00000000eb980000,0x00000000ec600000)
 ParOldGen       total 58368K, used 12651K [0x00000000a0000000, 0x00000000a3900000, 0x00000000e0000000)
  object space 58368K, 21% used [0x00000000a0000000,0x00000000a0c5ada8,0x00000000a3900000)
 Metaspace       used 44462K, capacity 45734K, committed 45872K, reserved 1089536K
  class space    used 5876K, capacity 6183K, committed 6192K, reserved 1048576K
Event: 27.239 GC heap after
Heap after GC invocations=11 (full 2):
 PSYoungGen      total 202752K, used 12779K [0x00000000e0000000, 0x00000000f0c00000, 0x0000000100000000)
  eden space 189952K, 0% used [0x00000000e0000000,0x00000000e0000000,0x00000000eb980000)
  from space 12800K, 99% used [0x00000000eb980000,0x00000000ec5faef8,0x00000000ec600000)
  to   space 15872K, 0% used [0x00000000efc80000,0x00000000efc80000,0x00000000f0c00000)
 ParOldGen       total 58368K, used 15679K [0x00000000a0000000, 0x00000000a3900000, 0x00000000e0000000)
  object space 58368K, 26% used [0x00000000a0000000,0x00000000a0f4fee8,0x00000000a3900000)
 Metaspace       used 44462K, capacity 45734K, committed 45872K, reserved 1089536K
  class space    used 5876K, capacity 6183K, committed 6192K, reserved 1048576K
}
Event: 92.757 GC heap before
{Heap before GC invocations=12 (full 2):
 PSYoungGen      total 202752K, used 202731K [0x00000000e0000000, 0x00000000f0c00000, 0x0000000100000000)
  eden space 189952K, 100% used [0x00000000e0000000,0x00000000eb980000,0x00000000eb980000)
  from space 12800K, 99% used [0x00000000eb980000,0x00000000ec5faef8,0x00000000ec600000)
  to   space 15872K, 0% used [0x00000000efc80000,0x00000000efc80000,0x00000000f0c00000)
 ParOldGen       total 58368K, used 15679K [0x00000000a0000000, 0x00000000a3900000, 0x00000000e0000000)
  object space 58368K, 26% used [0x00000000a0000000,0x00000000a0f4fee8,0x00000000a3900000)
 Metaspace       used 44583K, capacity 45938K, committed 46128K, reserved 1089536K
  class space    used 5877K, capacity 6185K, committed 6192K, reserved 1048576K
Event: 92.782 GC heap after
Heap after GC invocations=12 (full 2):
 PSYoungGen      total 244736K, used 9550K [0x00000000e0000000, 0x00000000f0600000, 0x0000000100000000)
  eden space 235008K, 0% used [0x00000000e0000000,0x00000000e0000000,0x00000000ee580000)
  from space 9728K, 98% used [0x00000000efc80000,0x00000000f05d3b68,0x00000000f0600000)
  to   space 15872K, 0% used [0x00000000ee700000,0x00000000ee700000,0x00000000ef680000)
 ParOldGen       total 58368K, used 15687K [0x00000000a0000000, 0x00000000a3900000, 0x00000000e0000000)
  object space 58368K, 26% used [0x00000000a0000000,0x00000000a0f51ee8,0x00000000a3900000)
 Metaspace       used 44583K, capacity 45938K, committed 46128K, reserved 1089536K
  class space    used 5877K, capacity 6185K, committed 6192K, reserved 1048576K
}

Deoptimization events (10 events):
Event: 131.621 Thread 0x000000001c872000 Uncommon trap: reason=unstable_if action=reinterpret pc=0x00000000056cd550 method=java.io.ByteArrayInputStream.read()I @ 8
Event: 131.651 Thread 0x000000001c872000 Uncommon trap: reason=unstable_if action=reinterpret pc=0x00000000056fa1b8 method=java.util.jar.JarFile.match([C[B[I[I)Z @ 29
Event: 131.652 Thread 0x000000001c872000 Uncommon trap: reason=unstable_if action=reinterpret pc=0x00000000060965b0 method=java.io.ByteArrayInputStream.read([BII)I @ 63
Event: 132.470 Thread 0x000000001c872000 Uncommon trap: reason=unstable_if action=reinterpret pc=0x0000000006161fd0 method=sun.misc.FloatingDecimal$BinaryToASCIIBuffer.dtoa(IJIZ)V @ 97
Event: 132.501 Thread 0x000000001c872000 Uncommon trap: reason=unstable_if action=reinterpret pc=0x000000000570c9a0 method=java.nio.channels.spi.AbstractInterruptibleChannel.begin()V @ 4
Event: 132.619 Thread 0x000000001c872000 Uncommon trap: reason=class_check action=maybe_recompile pc=0x0000000005e93a88 method=org.gradle.internal.dispatch.ProxyDispatchAdapter$DispatchingInvocationHandler.invoke(Ljava/lang/Object;Ljava/lang/reflect/Method;[Ljava/lang/Object;)Ljava/lang/Object; 
Event: 132.619 Thread 0x000000001c872000 Uncommon trap: reason=class_check action=maybe_recompile pc=0x0000000005e93a88 method=org.gradle.internal.dispatch.ProxyDispatchAdapter$DispatchingInvocationHandler.invoke(Ljava/lang/Object;Ljava/lang/reflect/Method;[Ljava/lang/Object;)Ljava/lang/Object; 
Event: 132.619 Thread 0x000000001c872000 Uncommon trap: reason=class_check action=maybe_recompile pc=0x0000000006230c58 method=org.gradle.internal.event.AbstractBroadcastDispatch.dispatch(Lorg/gradle/internal/dispatch/MethodInvocation;Ljava/util/Iterator;)V @ 17
Event: 132.813 Thread 0x000000001c872000 Uncommon trap: reason=unstable_if action=reinterpret pc=0x0000000005812dcc method=java.util.WeakHashMap.expungeStaleEntries()V @ 66
Event: 132.842 Thread 0x000000001c872000 Uncommon trap: reason=null_check action=make_not_entrant pc=0x0000000006269f34 method=org.gradle.internal.logging.sink.OutputEventTransformer.onOutput(Lorg/gradle/internal/logging/events/OutputEvent;)V @ 150

Classes redefined (0 events):
No events

Internal exceptions (10 events):
Event: 132.806 Thread 0x000000001c872000 Exception <a 'java/lang/ClassNotFoundException': org/gradle/api/tasks/DeleteBeanInfo> (0x00000000e762f3c0) thrown at [D:\src\AOSP-openjdk-cygwin\jdk8u\hotspot\src\share\vm\classfile\systemDictionary.cpp, line 210]
Event: 132.807 Thread 0x000000001c872000 Exception <a 'java/lang/ClassNotFoundException': org/gradle/api/internal/ConventionTaskBeanInfo> (0x00000000e7663ad8) thrown at [D:\src\AOSP-openjdk-cygwin\jdk8u\hotspot\src\share\vm\classfile\systemDictionary.cpp, line 210]
Event: 132.808 Thread 0x000000001c872000 Exception <a 'java/lang/ClassNotFoundException': org/gradle/api/DefaultTaskBeanInfo> (0x00000000e768f130) thrown at [D:\src\AOSP-openjdk-cygwin\jdk8u\hotspot\src\share\vm\classfile\systemDictionary.cpp, line 210]
Event: 132.810 Thread 0x000000001c872000 Exception <a 'java/lang/ClassNotFoundException': org/gradle/api/internal/AbstractTaskBeanInfo> (0x00000000e76c2968) thrown at [D:\src\AOSP-openjdk-cygwin\jdk8u\hotspot\src\share\vm\classfile\systemDictionary.cpp, line 210]
Event: 132.811 Thread 0x000000001c872000 Exception <a 'java/lang/ClassNotFoundException': org/gradle/api/internal/AbstractTaskCustomizer> (0x00000000e76f7030) thrown at [D:\src\AOSP-openjdk-cygwin\jdk8u\hotspot\src\share\vm\classfile\systemDictionary.cpp, line 210]
Event: 132.817 Thread 0x000000001c872000 Exception <a 'java/lang/ClassNotFoundException': org/gradle/api/DefaultTaskCustomizer> (0x00000000e778bcc0) thrown at [D:\src\AOSP-openjdk-cygwin\jdk8u\hotspot\src\share\vm\classfile\systemDictionary.cpp, line 210]
Event: 132.820 Thread 0x000000001c872000 Exception <a 'java/lang/ClassNotFoundException': org/gradle/api/internal/ConventionTaskCustomizer> (0x00000000e77d1f30) thrown at [D:\src\AOSP-openjdk-cygwin\jdk8u\hotspot\src\share\vm\classfile\systemDictionary.cpp, line 210]
Event: 132.823 Thread 0x000000001c872000 Exception <a 'java/lang/ClassNotFoundException': org/gradle/api/tasks/DeleteCustomizer> (0x00000000e7814a78) thrown at [D:\src\AOSP-openjdk-cygwin\jdk8u\hotspot\src\share\vm\classfile\systemDictionary.cpp, line 210]
Event: 132.827 Thread 0x000000001c872000 Exception <a 'java/lang/ClassNotFoundException': org/gradle/api/tasks/Delete_DecoratedCustomizer> (0x00000000e78650f0) thrown at [D:\src\AOSP-openjdk-cygwin\jdk8u\hotspot\src\share\vm\classfile\systemDictionary.cpp, line 210]
Event: 132.842 Thread 0x000000001c872000 Implicit null exception at 0x000000000626780c to 0x0000000006269f25

Events (10 events):
Event: 132.850 Thread 0x000000001a55b000 flushing nmethod 0x000000000614eb90
Event: 132.850 Thread 0x000000001a55b000 flushing nmethod 0x000000000614fd50
Event: 132.850 Thread 0x000000001a55b000 flushing nmethod 0x0000000006151690
Event: 132.850 Thread 0x000000001a55b000 flushing nmethod 0x0000000006152450
Event: 132.850 Thread 0x000000001a55b000 flushing nmethod 0x0000000006166050
Event: 132.850 Thread 0x000000001a55b000 flushing nmethod 0x00000000061c1510
Event: 132.850 Thread 0x000000001a55b000 flushing nmethod 0x00000000061e0310
Event: 132.852 Thread 0x000000001a55b000 flushing nmethod 0x000000000621d490
Event: 132.943 loading class org/codehaus/groovy/syntax/Numbers
Event: 132.943 loading class org/codehaus/groovy/syntax/Numbers done


Dynamic libraries:
0x00007ff634df0000 - 0x00007ff634e21000 	G:\IstalledSw\AndroidStudio\jre\bin\java.exe
0x00007ffc1a6f0000 - 0x00007ffc1a8d0000 	C:\Windows\SYSTEM32\ntdll.dll
0x00007ffc19690000 - 0x00007ffc1973e000 	C:\Windows\System32\KERNEL32.DLL
0x00007ffc16b70000 - 0x00007ffc16dd6000 	C:\Windows\System32\KERNELBASE.dll
0x00007ffc17bd0000 - 0x00007ffc17c71000 	C:\Windows\System32\ADVAPI32.dll
0x00007ffc1a100000 - 0x00007ffc1a19d000 	C:\Windows\System32\msvcrt.dll
0x00007ffc1a090000 - 0x00007ffc1a0eb000 	C:\Windows\System32\sechost.dll
0x00007ffc19740000 - 0x00007ffc1985f000 	C:\Windows\System32\RPCRT4.dll
0x00007ffc19900000 - 0x00007ffc19a8f000 	C:\Windows\System32\USER32.dll
0x00007ffc16af0000 - 0x00007ffc16b10000 	C:\Windows\System32\win32u.dll
0x00007ffc17c90000 - 0x00007ffc17cb8000 	C:\Windows\System32\GDI32.dll
0x00007ffc16f10000 - 0x00007ffc170a3000 	C:\Windows\System32\gdi32full.dll
0x00007ffc173d0000 - 0x00007ffc1746b000 	C:\Windows\System32\msvcp_win.dll
0x00007ffc172d0000 - 0x00007ffc173c6000 	C:\Windows\System32\ucrtbase.dll
0x00007ffc061f0000 - 0x00007ffc06459000 	C:\Windows\WinSxS\amd64_microsoft.windows.common-controls_6595b64144ccf1df_6.0.16299.98_none_cc930a042215c348\COMCTL32.dll
0x00007ffc19100000 - 0x00007ffc19408000 	C:\Windows\System32\combase.dll
0x00007ffc16e90000 - 0x00007ffc16f02000 	C:\Windows\System32\bcryptPrimitives.dll
0x00007ffc19660000 - 0x00007ffc1968d000 	C:\Windows\System32\IMM32.DLL
0x0000000069dc0000 - 0x0000000069e92000 	G:\IstalledSw\AndroidStudio\jre\jre\bin\msvcr100.dll
0x0000000069ea0000 - 0x000000006a6e6000 	G:\IstalledSw\AndroidStudio\jre\jre\bin\server\jvm.dll
0x00007ffc17bc0000 - 0x00007ffc17bc8000 	C:\Windows\System32\PSAPI.DLL
0x00007ffc064d0000 - 0x00007ffc064d9000 	C:\Windows\SYSTEM32\WSOCK32.dll
0x00007ffc1a1a0000 - 0x00007ffc1a20c000 	C:\Windows\System32\WS2_32.dll
0x00007ffc143c0000 - 0x00007ffc143e3000 	C:\Windows\SYSTEM32\WINMM.dll
0x00007ffc05610000 - 0x00007ffc0561a000 	C:\Windows\SYSTEM32\VERSION.dll
0x00007ffc14390000 - 0x00007ffc143ba000 	C:\Windows\SYSTEM32\WINMMBASE.dll
0x00007ffc17280000 - 0x00007ffc172ca000 	C:\Windows\System32\cfgmgr32.dll
0x00007ffc11fc0000 - 0x00007ffc11fcf000 	G:\IstalledSw\AndroidStudio\jre\jre\bin\verify.dll
0x00007ffc11020000 - 0x00007ffc11049000 	G:\IstalledSw\AndroidStudio\jre\jre\bin\java.dll
0x00007ffc11fa0000 - 0x00007ffc11fb6000 	G:\IstalledSw\AndroidStudio\jre\jre\bin\zip.dll
0x00007ffc17cc0000 - 0x00007ffc190f6000 	C:\Windows\System32\SHELL32.dll
0x00007ffc19e20000 - 0x00007ffc19ec6000 	C:\Windows\System32\shcore.dll
0x00007ffc17470000 - 0x00007ffc17bb7000 	C:\Windows\System32\windows.storage.dll
0x00007ffc1a660000 - 0x00007ffc1a6b1000 	C:\Windows\System32\shlwapi.dll
0x00007ffc16a60000 - 0x00007ffc16a71000 	C:\Windows\System32\kernel.appcore.dll
0x00007ffc16aa0000 - 0x00007ffc16aec000 	C:\Windows\System32\powrprof.dll
0x00007ffc16a40000 - 0x00007ffc16a5b000 	C:\Windows\System32\profapi.dll
0x00007ffc11f70000 - 0x00007ffc11f8a000 	G:\IstalledSw\AndroidStudio\jre\jre\bin\net.dll
0x00007ffc16270000 - 0x00007ffc162d6000 	C:\Windows\system32\mswsock.dll
0x00007ffc11000000 - 0x00007ffc11011000 	G:\IstalledSw\AndroidStudio\jre\jre\bin\nio.dll
0x00007ffc0c0c0000 - 0x00007ffc0c0e6000 	C:\Users\Said M\.gradle\native\31\windows-amd64\native-platform.dll
0x00007ffc10fb0000 - 0x00007ffc10fbd000 	G:\IstalledSw\AndroidStudio\jre\jre\bin\management.dll
0x00007ffc16430000 - 0x00007ffc16447000 	C:\Windows\SYSTEM32\CRYPTSP.dll
0x00007ffc15e80000 - 0x00007ffc15eb3000 	C:\Windows\system32\rsaenh.dll
0x00007ffc16530000 - 0x00007ffc16555000 	C:\Windows\SYSTEM32\bcrypt.dll
0x00007ffc16940000 - 0x00007ffc16969000 	C:\Windows\SYSTEM32\USERENV.dll
0x00007ffc16930000 - 0x00007ffc1693b000 	C:\Windows\SYSTEM32\CRYPTBASE.dll
0x00007ffc16000000 - 0x00007ffc16039000 	C:\Windows\SYSTEM32\IPHLPAPI.DLL
0x00007ffc1a0f0000 - 0x00007ffc1a0f8000 	C:\Windows\System32\NSI.dll
0x00007ffc0f870000 - 0x00007ffc0f886000 	C:\Windows\SYSTEM32\dhcpcsvc6.DLL
0x00007ffc0fc20000 - 0x00007ffc0fc3a000 	C:\Windows\SYSTEM32\dhcpcsvc.DLL
0x00007ffc0f690000 - 0x00007ffc0f6b4000 	G:\IstalledSw\AndroidStudio\jre\jre\bin\sunec.dll
0x00007ffc16040000 - 0x00007ffc160f6000 	C:\Windows\SYSTEM32\DNSAPI.dll
0x00007ffc0bb10000 - 0x00007ffc0bb1a000 	C:\Windows\System32\rasadhlp.dll
0x00007ffc0c950000 - 0x00007ffc0c9c0000 	C:\Windows\System32\fwpuclnt.dll
0x00007ffc12f00000 - 0x00007ffc12f0b000 	G:\IstalledSw\AndroidStudio\jre\jre\bin\sunmscapi.dll
0x00007ffc170b0000 - 0x00007ffc1727e000 	C:\Windows\System32\CRYPT32.dll
0x00007ffc16a80000 - 0x00007ffc16a92000 	C:\Windows\System32\MSASN1.dll

VM Arguments:
jvm_args: -Xmx1536m -Dfile.encoding=windows-1256 -Duser.country=GB -Duser.language=en -Duser.variant 
java_command: org.gradle.launcher.daemon.bootstrap.GradleDaemon 6.1.1
java_class_path (initial): C:\Users\Said M\.gradle\wrapper\dists\gradle-6.1.1-all\cfmwm155h49vnt3hynmlrsdst\gradle-6.1.1\lib\gradle-launcher-6.1.1.jar
Launcher Type: SUN_STANDARD

Environment Variables:
PATH=C:\ProgramData\Oracle\Java\javapath;C:\Windows\system32;C:\Windows;C:\Windows\System32\Wbem;C:\Windows\System32\WindowsPowerShell\v1.0\;C:\Program Files\Java\jdk1.8.0_101\bin;C:\Program Files (x86)\Microsoft SQL Server\100\Tools\Binn\;C:\Program Files\Microsoft SQL Server\100\Tools\Binn\;C:\Program Files\Microsoft SQL Server\100\DTS\Binn\;C:\Program Files\dotnet\;C:\Users\Said M\AppData\Local\Microsoft\WindowsApps;;G:\IstalledSw\vscode\Microsoft VS Code\bin;C:\Users\Said M\.dotnet\tools
USERNAME=Said M
OS=Windows_NT
PROCESSOR_IDENTIFIER=Intel64 Family 6 Model 61 Stepping 4, GenuineIntel



---------------  S Y S T E M  ---------------

OS: Windows 10.0 , 64 bit Build 16299 (10.0.16299.15)

CPU:total 4 (initial active 4) (2 cores per cpu, 2 threads per core) family 6 model 61 stepping 4, cmov, cx8, fxsr, mmx, sse, sse2, sse3, ssse3, sse4.1, sse4.2, popcnt, avx, avx2, aes, clmul, erms, 3dnowpref, lzcnt, ht, tsc, tscinvbit, bmi1, bmi2, adx

Memory: 4k page, physical 4107804k(382600k free), swap 4740548k(3368k free)

vm_info: OpenJDK 64-Bit Server VM (25.202-b03) for windows-amd64 JRE (1.8.0_202-release-1483-b03), built by "builder" with MS VC++ 10.0 (VS2010)

time: Mon Jan 18 16:57:03 2021
timezone: Pakistan Standard Time
elapsed time: 133 seconds (0d 0h 2m 13s)

