#
# There is insufficient memory for the Java Runtime Environment to continue.
# Native memory allocation (malloc) failed to allocate 395536 bytes for Chunk::new
# Possible reasons:
#   The system is out of physical RAM or swap space
#   The process is running with CompressedOops enabled, and the Java Heap may be blocking the growth of the native heap
# Possible solutions:
#   Reduce memory load on the system
#   Increase physical memory or swap space
#   Check if swap backing store is full
#   Decrease Java heap size (-Xmx/-Xms)
#   Decrease number of Java threads
#   Decrease Java thread stack sizes (-Xss)
#   Set larger code cache with -XX:ReservedCodeCacheSize=
#   JVM is running with Unscaled Compressed Oops mode in which the Java heap is
#     placed in the first 4GB address space. The Java Heap base address is the
#     maximum limit for the native heap growth. Please use -XX:HeapBaseMinAddress
#     to set the Java Heap base and to place the Java Heap above 4GB virtual address.
# This output file may be truncated or incomplete.
#
#  Out of Memory Error (allocation.cpp:389), pid=10220, tid=0x0000000000002180
#
# JRE version: OpenJDK Runtime Environment (8.0_202-b03) (build 1.8.0_202-release-1483-b03)
# Java VM: OpenJDK 64-Bit Server VM (25.202-b03 mixed mode windows-amd64 compressed oops)
# Failed to write core dump. Minidumps are not enabled by default on client versions of Windows
#

---------------  T H R E A D  ---------------

Current thread (0x0000000017f19800):  JavaThread "C2 CompilerThread1" daemon [_thread_in_native, id=8576, stack(0x0000000019a70000,0x0000000019b70000)]

Stack: [0x0000000019a70000,0x0000000019b70000]
[error occurred during error reporting (printing stack bounds), id 0xc0000005]

Native frames: (J=compiled Java code, j=interpreted, Vv=VM code, C=native code)


Current CompileTask:
C2:  61513 4455       4       java.util.Formatter$FormatSpecifier::print (946 bytes)


---------------  P R O C E S S  ---------------

Java Threads: ( => current thread )
  0x000000001c3c2000 JavaThread "Build operations Thread 4" [_thread_blocked, id=2000, stack(0x00000000239c0000,0x0000000023ac0000)]
  0x000000001c3c3800 JavaThread "Build operations Thread 3" [_thread_blocked, id=3728, stack(0x00000000226c0000,0x00000000227c0000)]
  0x000000001c3c6800 JavaThread "Build operations Thread 2" [_thread_blocked, id=7984, stack(0x00000000225c0000,0x00000000226c0000)]
  0x000000001c3c7800 JavaThread "Build operations" [_thread_in_native, id=8032, stack(0x00000000224c0000,0x00000000225c0000)]
  0x0000000019808800 JavaThread "File lock release action executor" [_thread_blocked, id=1500, stack(0x00000000219c0000,0x0000000021ac0000)]
  0x0000000019804800 JavaThread "Cache worker for execution history cache (C:\Users\Said M\.gradle\caches\6.1.1\executionHistory)" [_thread_blocked, id=3112, stack(0x00000000218c0000,0x00000000219c0000)]
  0x0000000019804000 JavaThread "Cache worker for cache directory md-rule (C:\Users\Said M\.gradle\caches\6.1.1\md-rule)" [_thread_blocked, id=3124, stack(0x00000000217c0000,0x00000000218c0000)]
  0x0000000019805800 JavaThread "Cache worker for cache directory md-supplier (C:\Users\Said M\.gradle\caches\6.1.1\md-supplier)" [_thread_blocked, id=7112, stack(0x0000000020630000,0x0000000020730000)]
  0x000000001980a800 JavaThread "Cache worker for file hash cache (G:\Data\2AIM\PROJECTS MANAGEMENT\Restorent app\RestaurantCA\.gradle\6.1.1\fileHashes)" [_thread_blocked, id=10940, stack(0x0000000020130000,0x0000000020230000)]
  0x0000000019807800 JavaThread "Cache worker for checksums cache (G:\Data\2AIM\PROJECTS MANAGEMENT\Restorent app\RestaurantCA\.gradle\checksums)" [_thread_blocked, id=9784, stack(0x0000000020030000,0x0000000020130000)]
  0x0000000019809000 JavaThread "Cache worker for file hash cache (C:\Users\Said M\.gradle\caches\6.1.1\fileHashes)" [_thread_blocked, id=9536, stack(0x000000001fc30000,0x000000001fd30000)]
  0x000000001980a000 JavaThread "File lock request listener" [_thread_in_native, id=8776, stack(0x000000001eb60000,0x000000001ec60000)]
  0x000000001995a000 JavaThread "Cache worker for journal cache (C:\Users\Said M\.gradle\caches\journal-1)" [_thread_blocked, id=8160, stack(0x000000001da90000,0x000000001db90000)]
  0x0000000019884000 JavaThread "Thread-9" [_thread_blocked, id=10276, stack(0x000000001d790000,0x000000001d890000)]
  0x0000000019883000 JavaThread "Stdin handler" [_thread_blocked, id=3864, stack(0x000000001d690000,0x000000001d790000)]
  0x0000000019880000 JavaThread "Asynchronous log dispatcher for DefaultDaemonConnection: socket connection from /127.0.0.1:50860 to /127.0.0.1:50861" [_thread_blocked, id=8436, stack(0x000000001d590000,0x000000001d690000)]
  0x0000000019879800 JavaThread "Daemon worker" [_thread_in_Java, id=2208, stack(0x000000001d490000,0x000000001d590000)]
  0x000000001988a800 JavaThread "Cancel handler" [_thread_blocked, id=4260, stack(0x000000001d390000,0x000000001d490000)]
  0x000000001a5c1000 JavaThread "Handler for socket connection from /127.0.0.1:50860 to /127.0.0.1:50861" [_thread_in_native, id=9596, stack(0x000000001d090000,0x000000001d190000)]
  0x000000001a5c0000 JavaThread "Daemon" [_thread_blocked, id=8740, stack(0x000000001cf90000,0x000000001d090000)]
  0x000000001a9f5000 JavaThread "Daemon periodic checks" [_thread_blocked, id=8948, stack(0x000000001ce90000,0x000000001cf90000)]
  0x000000001acf5000 JavaThread "Incoming local TCP Connector on port 50860" [_thread_in_native, id=10740, stack(0x000000001cc50000,0x000000001cd50000)]
  0x000000001b3fa800 JavaThread "Daemon health stats" [_thread_blocked, id=6892, stack(0x000000001c610000,0x000000001c710000)]
  0x00000000196c1800 JavaThread "Service Thread" daemon [_thread_blocked, id=7212, stack(0x0000000019c70000,0x0000000019d70000)]
  0x0000000017f6e000 JavaThread "C1 CompilerThread2" daemon [_thread_blocked, id=10552, stack(0x0000000019b70000,0x0000000019c70000)]
=>0x0000000017f19800 JavaThread "C2 CompilerThread1" daemon [_thread_in_native, id=8576, stack(0x0000000019a70000,0x0000000019b70000)]
  0x0000000017f14800 JavaThread "C2 CompilerThread0" daemon [_thread_blocked, id=11044, stack(0x0000000019570000,0x0000000019670000)]
  0x0000000017f13800 JavaThread "Attach Listener" daemon [_thread_blocked, id=2120, stack(0x0000000019470000,0x0000000019570000)]
  0x0000000017f60800 JavaThread "Signal Dispatcher" daemon [_thread_blocked, id=3076, stack(0x0000000019370000,0x0000000019470000)]
  0x0000000004599800 JavaThread "Finalizer" daemon [_thread_blocked, id=2760, stack(0x0000000019180000,0x0000000019280000)]
  0x0000000004591000 JavaThread "Reference Handler" daemon [_thread_blocked, id=8104, stack(0x0000000019080000,0x0000000019180000)]
  0x000000000439d800 JavaThread "main" [_thread_blocked, id=2860, stack(0x00000000043a0000,0x00000000044a0000)]

Other Threads:
  0x0000000017ed6800 VMThread [stack: 0x0000000018f80000,0x0000000019080000] [id=7372]
  0x00000000196c2000 WatcherThread [stack: 0x0000000019d70000,0x0000000019e70000] [id=11140]

VM state:not at safepoint (normal execution)

VM Mutex/Monitor currently owned by a thread: None

heap address: 0x00000000a0000000, size: 1536 MB, Compressed Oops mode: 32-bit
Narrow klass base: 0x0000000000000000, Narrow klass shift: 3
Compressed class space size: 1073741824 Address: 0x0000000100000000

Heap:
 PSYoungGen      total 122880K, used 61051K [0x00000000e0000000, 0x00000000e9b80000, 0x0000000100000000)
  eden space 114176K, 45% used [0x00000000e0000000,0x00000000e3338b60,0x00000000e6f80000)
  from space 8704K, 98% used [0x00000000e6f80000,0x00000000e77e6150,0x00000000e7800000)
  to   space 9728K, 0% used [0x00000000e9200000,0x00000000e9200000,0x00000000e9b80000)
 ParOldGen       total 53760K, used 15017K [0x00000000a0000000, 0x00000000a3480000, 0x00000000e0000000)
  object space 53760K, 27% used [0x00000000a0000000,0x00000000a0eaa570,0x00000000a3480000)
 Metaspace       used 40715K, capacity 42122K, committed 42408K, reserved 1085440K
  class space    used 5483K, capacity 5775K, committed 5800K, reserved 1048576K

Card table byte_map: [0x0000000013960000,0x0000000013c70000] byte_map_base: 0x0000000013460000

Marking Bits: (ParMarkBitMap*) 0x000000006a669f30
 Begin Bits: [0x0000000014270000, 0x0000000015a70000)
 End Bits:   [0x0000000015a70000, 0x0000000017270000)

Polling page: 0x0000000002630000

CodeCache: size=245760Kb used=13950Kb max_used=13981Kb free=231809Kb
 bounds [0x00000000045a0000, 0x0000000005360000, 0x00000000135a0000]
 total_blobs=4640 nmethods=3890 adapters=662
 compilation: enabled

Compilation events (10 events):
Event: 58.383 Thread 0x0000000017f14800 nmethod 4450 0x0000000004c90750 code [0x0000000004c908a0, 0x0000000004c909d8]
Event: 60.014 Thread 0x0000000017f19800 4451       4       com.sun.crypto.provider.CipherCore::init (552 bytes)
Event: 60.024 Thread 0x0000000017f19800 nmethod 4451 0x00000000053377d0 code [0x0000000005337960, 0x0000000005337f88]
Event: 60.645 Thread 0x0000000017f14800 4452       4       java.util.Formatter$FormatSpecifier::printFloat (86 bytes)
Event: 60.677 Thread 0x0000000017f14800 nmethod 4452 0x0000000005317390 code [0x00000000053175a0, 0x0000000005318128]
Event: 61.316 Thread 0x0000000017f19800 4453       4       sun.misc.FloatingDecimal::getBinaryToASCIIConverter (183 bytes)
Event: 61.339 Thread 0x0000000017f19800 nmethod 4453 0x000000000533cb90 code [0x000000000533cd60, 0x000000000533d500]
Event: 61.365 Thread 0x0000000017f14800 4454       4       java.util.Formatter$FormatSpecifier::checkNumeric (168 bytes)
Event: 61.368 Thread 0x0000000017f14800 nmethod 4454 0x0000000004747550 code [0x00000000047476a0, 0x00000000047477f8]
Event: 61.396 Thread 0x0000000017f19800 4455       4       java.util.Formatter$FormatSpecifier::print (946 bytes)

GC Heap History (10 events):
Event: 13.358 GC heap before
{Heap before GC invocations=11 (full 1):
 PSYoungGen      total 69632K, used 62976K [0x00000000e0000000, 0x00000000e7080000, 0x0000000100000000)
  eden space 62976K, 100% used [0x00000000e0000000,0x00000000e3d80000,0x00000000e3d80000)
  from space 6656K, 0% used [0x00000000e3d80000,0x00000000e3d80000,0x00000000e4400000)
  to   space 7168K, 0% used [0x00000000e6980000,0x00000000e6980000,0x00000000e7080000)
 ParOldGen       total 34816K, used 9935K [0x00000000a0000000, 0x00000000a2200000, 0x00000000e0000000)
  object space 34816K, 28% used [0x00000000a0000000,0x00000000a09b3d28,0x00000000a2200000)
 Metaspace       used 28070K, capacity 28752K, committed 28976K, reserved 1075200K
  class space    used 3856K, capacity 4067K, committed 4144K, reserved 1048576K
Event: 13.374 GC heap after
Heap after GC invocations=11 (full 1):
 PSYoungGen      total 92672K, used 7143K [0x00000000e0000000, 0x00000000e7080000, 0x0000000100000000)
  eden space 85504K, 0% used [0x00000000e0000000,0x00000000e0000000,0x00000000e5380000)
  from space 7168K, 99% used [0x00000000e6980000,0x00000000e7079c70,0x00000000e7080000)
  to   space 8192K, 0% used [0x00000000e6080000,0x00000000e6080000,0x00000000e6880000)
 ParOldGen       total 34816K, used 10569K [0x00000000a0000000, 0x00000000a2200000, 0x00000000e0000000)
  object space 34816K, 30% used [0x00000000a0000000,0x00000000a0a52550,0x00000000a2200000)
 Metaspace       used 28070K, capacity 28752K, committed 28976K, reserved 1075200K
  class space    used 3856K, capacity 4067K, committed 4144K, reserved 1048576K
}
Event: 17.849 GC heap before
{Heap before GC invocations=12 (full 1):
 PSYoungGen      total 92672K, used 92647K [0x00000000e0000000, 0x00000000e7080000, 0x0000000100000000)
  eden space 85504K, 100% used [0x00000000e0000000,0x00000000e5380000,0x00000000e5380000)
  from space 7168K, 99% used [0x00000000e6980000,0x00000000e7079c70,0x00000000e7080000)
  to   space 8192K, 0% used [0x00000000e6080000,0x00000000e6080000,0x00000000e6880000)
 ParOldGen       total 34816K, used 10569K [0x00000000a0000000, 0x00000000a2200000, 0x00000000e0000000)
  object space 34816K, 30% used [0x00000000a0000000,0x00000000a0a52550,0x00000000a2200000)
 Metaspace       used 33107K, capacity 33954K, committed 34224K, reserved 1079296K
  class space    used 4489K, capacity 4767K, committed 4784K, reserved 1048576K
Event: 17.872 GC heap after
Heap after GC invocations=12 (full 1):
 PSYoungGen      total 107008K, used 6880K [0x00000000e0000000, 0x00000000e8080000, 0x0000000100000000)
  eden space 98816K, 0% used [0x00000000e0000000,0x00000000e0000000,0x00000000e6080000)
  from space 8192K, 83% used [0x00000000e6080000,0x00000000e6738308,0x00000000e6880000)
  to   space 8704K, 0% used [0x00000000e7800000,0x00000000e7800000,0x00000000e8080000)
 ParOldGen       total 34816K, used 13703K [0x00000000a0000000, 0x00000000a2200000, 0x00000000e0000000)
  object space 34816K, 39% used [0x00000000a0000000,0x00000000a0d61cb0,0x00000000a2200000)
 Metaspace       used 33107K, capacity 33954K, committed 34224K, reserved 1079296K
  class space    used 4489K, capacity 4767K, committed 4784K, reserved 1048576K
}
Event: 18.647 GC heap before
{Heap before GC invocations=13 (full 1):
 PSYoungGen      total 107008K, used 29787K [0x00000000e0000000, 0x00000000e8080000, 0x0000000100000000)
  eden space 98816K, 23% used [0x00000000e0000000,0x00000000e165e910,0x00000000e6080000)
  from space 8192K, 83% used [0x00000000e6080000,0x00000000e6738308,0x00000000e6880000)
  to   space 8704K, 0% used [0x00000000e7800000,0x00000000e7800000,0x00000000e8080000)
 ParOldGen       total 34816K, used 13703K [0x00000000a0000000, 0x00000000a2200000, 0x00000000e0000000)
  object space 34816K, 39% used [0x00000000a0000000,0x00000000a0d61cb0,0x00000000a2200000)
 Metaspace       used 34277K, capacity 35362K, committed 35496K, reserved 1079296K
  class space    used 4684K, capacity 4922K, committed 5032K, reserved 1048576K
Event: 18.669 GC heap after
Heap after GC invocations=13 (full 1):
 PSYoungGen      total 122880K, used 2298K [0x00000000e0000000, 0x00000000e9500000, 0x0000000100000000)
  eden space 114176K, 0% used [0x00000000e0000000,0x00000000e0000000,0x00000000e6f80000)
  from space 8704K, 26% used [0x00000000e7800000,0x00000000e7a3ea90,0x00000000e8080000)
  to   space 8704K, 0% used [0x00000000e6f80000,0x00000000e6f80000,0x00000000e7800000)
 ParOldGen       total 34816K, used 16759K [0x00000000a0000000, 0x00000000a2200000, 0x00000000e0000000)
  object space 34816K, 48% used [0x00000000a0000000,0x00000000a105dd40,0x00000000a2200000)
 Metaspace       used 34277K, capacity 35362K, committed 35496K, reserved 1079296K
  class space    used 4684K, capacity 4922K, committed 5032K, reserved 1048576K
}
Event: 18.669 GC heap before
{Heap before GC invocations=14 (full 2):
 PSYoungGen      total 122880K, used 2298K [0x00000000e0000000, 0x00000000e9500000, 0x0000000100000000)
  eden space 114176K, 0% used [0x00000000e0000000,0x00000000e0000000,0x00000000e6f80000)
  from space 8704K, 26% used [0x00000000e7800000,0x00000000e7a3ea90,0x00000000e8080000)
  to   space 8704K, 0% used [0x00000000e6f80000,0x00000000e6f80000,0x00000000e7800000)
 ParOldGen       total 34816K, used 16759K [0x00000000a0000000, 0x00000000a2200000, 0x00000000e0000000)
  object space 34816K, 48% used [0x00000000a0000000,0x00000000a105dd40,0x00000000a2200000)
 Metaspace       used 34277K, capacity 35362K, committed 35496K, reserved 1079296K
  class space    used 4684K, capacity 4922K, committed 5032K, reserved 1048576K
Event: 18.928 GC heap after
Heap after GC invocations=14 (full 2):
 PSYoungGen      total 122880K, used 0K [0x00000000e0000000, 0x00000000e9500000, 0x0000000100000000)
  eden space 114176K, 0% used [0x00000000e0000000,0x00000000e0000000,0x00000000e6f80000)
  from space 8704K, 0% used [0x00000000e7800000,0x00000000e7800000,0x00000000e8080000)
  to   space 8704K, 0% used [0x00000000e6f80000,0x00000000e6f80000,0x00000000e7800000)
 ParOldGen       total 53760K, used 15001K [0x00000000a0000000, 0x00000000a3480000, 0x00000000e0000000)
  object space 53760K, 27% used [0x00000000a0000000,0x00000000a0ea6570,0x00000000a3480000)
 Metaspace       used 34277K, capacity 35362K, committed 35496K, reserved 1079296K
  class space    used 4684K, capacity 4922K, committed 5032K, reserved 1048576K
}
Event: 42.343 GC heap before
{Heap before GC invocations=15 (full 2):
 PSYoungGen      total 122880K, used 114176K [0x00000000e0000000, 0x00000000e9500000, 0x0000000100000000)
  eden space 114176K, 100% used [0x00000000e0000000,0x00000000e6f80000,0x00000000e6f80000)
  from space 8704K, 0% used [0x00000000e7800000,0x00000000e7800000,0x00000000e8080000)
  to   space 8704K, 0% used [0x00000000e6f80000,0x00000000e6f80000,0x00000000e7800000)
 ParOldGen       total 53760K, used 15001K [0x00000000a0000000, 0x00000000a3480000, 0x00000000e0000000)
  object space 53760K, 27% used [0x00000000a0000000,0x00000000a0ea6570,0x00000000a3480000)
 Metaspace       used 40666K, capacity 42058K, committed 42152K, reserved 1085440K
  class space    used 5483K, capacity 5775K, committed 5800K, reserved 1048576K
Event: 42.362 GC heap after
Heap after GC invocations=15 (full 2):
 PSYoungGen      total 122880K, used 8600K [0x00000000e0000000, 0x00000000e9b80000, 0x0000000100000000)
  eden space 114176K, 0% used [0x00000000e0000000,0x00000000e0000000,0x00000000e6f80000)
  from space 8704K, 98% used [0x00000000e6f80000,0x00000000e77e6150,0x00000000e7800000)
  to   space 9728K, 0% used [0x00000000e9200000,0x00000000e9200000,0x00000000e9b80000)
 ParOldGen       total 53760K, used 15017K [0x00000000a0000000, 0x00000000a3480000, 0x00000000e0000000)
  object space 53760K, 27% used [0x00000000a0000000,0x00000000a0eaa570,0x00000000a3480000)
 Metaspace       used 40666K, capacity 42058K, committed 42152K, reserved 1085440K
  class space    used 5483K, capacity 5775K, committed 5800K, reserved 1048576K
}

Deoptimization events (10 events):
Event: 28.277 Thread 0x000000001c3c3800 Uncommon trap: reason=class_check action=maybe_recompile pc=0x0000000004ec135c method=com.google.common.io.CountingInputStream.read([BII)I @ 7
Event: 28.278 Thread 0x000000001c3c3800 Uncommon trap: reason=class_check action=maybe_recompile pc=0x0000000004ec135c method=com.google.common.io.CountingInputStream.read([BII)I @ 7
Event: 28.279 Thread 0x000000001c3c3800 Uncommon trap: reason=class_check action=maybe_recompile pc=0x0000000004ec135c method=com.google.common.io.CountingInputStream.read([BII)I @ 7
Event: 28.280 Thread 0x000000001c3c3800 Uncommon trap: reason=class_check action=maybe_recompile pc=0x0000000004ec135c method=com.google.common.io.CountingInputStream.read([BII)I @ 7
Event: 32.647 Thread 0x000000001c3c2000 Uncommon trap: reason=unstable_if action=reinterpret pc=0x000000000490d920 method=com.google.common.io.CountingInputStream.read([BII)I @ 15
Event: 41.789 Thread 0x000000001c3c7800 Uncommon trap: reason=unstable_if action=reinterpret pc=0x00000000050ab564 method=java.util.Formatter$FormatSpecifier.precision(Ljava/lang/String;)I @ 6
Event: 41.789 Thread 0x000000001c3c7800 Uncommon trap: reason=unstable_if action=reinterpret pc=0x000000000489677c method=java.util.Formatter$Conversion.isValid(C)Z @ 4
Event: 41.790 Thread 0x000000001c3c7800 Uncommon trap: reason=unstable_if action=reinterpret pc=0x0000000004b2dbdc method=java.util.Formatter$FormatSpecifier.precision(Ljava/lang/String;)I @ 6
Event: 41.790 Thread 0x000000001c3c7800 Uncommon trap: reason=unstable_if action=reinterpret pc=0x0000000004898c5c method=java.util.Formatter$Conversion.isValid(C)Z @ 4
Event: 52.601 Thread 0x000000001c3c3800 Uncommon trap: reason=unstable_if action=reinterpret pc=0x00000000052ebb0c method=com.sun.crypto.provider.GaloisCounterMode.doLastBlock([BII[BIZ)V @ 55

Classes redefined (0 events):
No events

Internal exceptions (10 events):
Event: 19.190 Thread 0x0000000019879800 Exception <a 'java/lang/ClassNotFoundException': org/gradle/api/internal/DefaultNamedDomainObjectCollectionCustomizer> (0x00000000e0916db8) thrown at [D:\src\AOSP-openjdk-cygwin\jdk8u\hotspot\src\share\vm\classfile\systemDictionary.cpp, line 210]
Event: 19.199 Thread 0x0000000019879800 Exception <a 'java/lang/ClassNotFoundException': org/gradle/api/internal/DefaultNamedDomainObjectListCustomizer> (0x00000000e0986df0) thrown at [D:\src\AOSP-openjdk-cygwin\jdk8u\hotspot\src\share\vm\classfile\systemDictionary.cpp, line 210]
Event: 19.207 Thread 0x0000000019879800 Exception <a 'java/lang/ClassNotFoundException': org/gradle/api/internal/artifacts/DefaultArtifactRepositoryContainerCustomizer> (0x00000000e09fe918) thrown at [D:\src\AOSP-openjdk-cygwin\jdk8u\hotspot\src\share\vm\classfile\systemDictionary.cpp, line 210
Event: 19.211 Thread 0x0000000019879800 Exception <a 'java/lang/ClassNotFoundException': org/gradle/api/internal/artifacts/dsl/DefaultRepositoryHandlerCustomizer> (0x00000000e0a66798) thrown at [D:\src\AOSP-openjdk-cygwin\jdk8u\hotspot\src\share\vm\classfile\systemDictionary.cpp, line 210]
Event: 19.214 Thread 0x0000000019879800 Exception <a 'java/lang/ClassNotFoundException': org/gradle/api/internal/artifacts/dsl/DefaultRepositoryHandler_DecoratedCustomizer> (0x00000000e0ae4fc0) thrown at [D:\src\AOSP-openjdk-cygwin\jdk8u\hotspot\src\share\vm\classfile\systemDictionary.cpp, line
Event: 20.947 Thread 0x000000001c3c7800 Implicit null exception at 0x0000000004dce7e1 to 0x0000000004dced69
Event: 21.009 Thread 0x0000000019879800 Implicit null exception at 0x000000000480ffd7 to 0x00000000048103e5
Event: 24.117 Thread 0x000000001c3c3800 Implicit null exception at 0x0000000004957f98 to 0x00000000049580dd
Event: 24.117 Thread 0x000000001c3c2000 Implicit null exception at 0x0000000004957f98 to 0x00000000049580dd
Event: 24.117 Thread 0x000000001c3c7800 Implicit null exception at 0x0000000004957f98 to 0x00000000049580dd

Events (10 events):
Event: 57.538 Thread 0x0000000017f19800 flushing nmethod 0x0000000005224850
Event: 57.538 Thread 0x0000000017f19800 flushing nmethod 0x00000000052267d0
Event: 57.538 Thread 0x0000000017f19800 flushing nmethod 0x0000000005249a10
Event: 60.024 Thread 0x0000000017f19800 flushing nmethod 0x0000000004744dd0
Event: 60.024 Thread 0x0000000017f19800 flushing nmethod 0x0000000004747450
Event: 61.339 Thread 0x0000000017f19800 flushing nmethod 0x0000000004833a90
Event: 61.339 Thread 0x0000000017f19800 flushing nmethod 0x0000000004896c90
Event: 61.369 Thread 0x0000000017f14800 flushing nmethod 0x0000000004957e50
Event: 61.369 Thread 0x0000000017f14800 flushing nmethod 0x00000000049a9ad0
Event: 61.369 Thread 0x0000000017f14800 flushing nmethod 0x00000000049b3350


Dynamic libraries:
0x00007ff634df0000 - 0x00007ff634e21000 	G:\IstalledSw\AndroidStudio\jre\bin\java.exe
0x00007ffc1a6f0000 - 0x00007ffc1a8d0000 	C:\Windows\SYSTEM32\ntdll.dll
0x00007ffc19690000 - 0x00007ffc1973e000 	C:\Windows\System32\KERNEL32.DLL
0x00007ffc16b70000 - 0x00007ffc16dd6000 	C:\Windows\System32\KERNELBASE.dll
0x00007ffc17bd0000 - 0x00007ffc17c71000 	C:\Windows\System32\ADVAPI32.dll
0x00007ffc1a100000 - 0x00007ffc1a19d000 	C:\Windows\System32\msvcrt.dll
0x00007ffc1a090000 - 0x00007ffc1a0eb000 	C:\Windows\System32\sechost.dll
0x00007ffc19740000 - 0x00007ffc1985f000 	C:\Windows\System32\RPCRT4.dll
0x00007ffc19900000 - 0x00007ffc19a8f000 	C:\Windows\System32\USER32.dll
0x00007ffc16af0000 - 0x00007ffc16b10000 	C:\Windows\System32\win32u.dll
0x00007ffc17c90000 - 0x00007ffc17cb8000 	C:\Windows\System32\GDI32.dll
0x00007ffc16f10000 - 0x00007ffc170a3000 	C:\Windows\System32\gdi32full.dll
0x00007ffc173d0000 - 0x00007ffc1746b000 	C:\Windows\System32\msvcp_win.dll
0x00007ffc172d0000 - 0x00007ffc173c6000 	C:\Windows\System32\ucrtbase.dll
0x00007ffc061f0000 - 0x00007ffc06459000 	C:\Windows\WinSxS\amd64_microsoft.windows.common-controls_6595b64144ccf1df_6.0.16299.98_none_cc930a042215c348\COMCTL32.dll
0x00007ffc19100000 - 0x00007ffc19408000 	C:\Windows\System32\combase.dll
0x00007ffc16e90000 - 0x00007ffc16f02000 	C:\Windows\System32\bcryptPrimitives.dll
0x00007ffc19660000 - 0x00007ffc1968d000 	C:\Windows\System32\IMM32.DLL
0x0000000069dc0000 - 0x0000000069e92000 	G:\IstalledSw\AndroidStudio\jre\jre\bin\msvcr100.dll
0x0000000069ea0000 - 0x000000006a6e6000 	G:\IstalledSw\AndroidStudio\jre\jre\bin\server\jvm.dll
0x00007ffc17bc0000 - 0x00007ffc17bc8000 	C:\Windows\System32\PSAPI.DLL
0x00007ffc064d0000 - 0x00007ffc064d9000 	C:\Windows\SYSTEM32\WSOCK32.dll
0x00007ffc1a1a0000 - 0x00007ffc1a20c000 	C:\Windows\System32\WS2_32.dll
0x00007ffc143c0000 - 0x00007ffc143e3000 	C:\Windows\SYSTEM32\WINMM.dll
0x00007ffc05610000 - 0x00007ffc0561a000 	C:\Windows\SYSTEM32\VERSION.dll
0x00007ffc14390000 - 0x00007ffc143ba000 	C:\Windows\SYSTEM32\WINMMBASE.dll
0x00007ffc17280000 - 0x00007ffc172ca000 	C:\Windows\System32\cfgmgr32.dll
0x00007ffc11fc0000 - 0x00007ffc11fcf000 	G:\IstalledSw\AndroidStudio\jre\jre\bin\verify.dll
0x00007ffc11020000 - 0x00007ffc11049000 	G:\IstalledSw\AndroidStudio\jre\jre\bin\java.dll
0x00007ffc11fa0000 - 0x00007ffc11fb6000 	G:\IstalledSw\AndroidStudio\jre\jre\bin\zip.dll
0x00007ffc17cc0000 - 0x00007ffc190f6000 	C:\Windows\System32\SHELL32.dll
0x00007ffc19e20000 - 0x00007ffc19ec6000 	C:\Windows\System32\shcore.dll
0x00007ffc17470000 - 0x00007ffc17bb7000 	C:\Windows\System32\windows.storage.dll
0x00007ffc1a660000 - 0x00007ffc1a6b1000 	C:\Windows\System32\shlwapi.dll
0x00007ffc16a60000 - 0x00007ffc16a71000 	C:\Windows\System32\kernel.appcore.dll
0x00007ffc16aa0000 - 0x00007ffc16aec000 	C:\Windows\System32\powrprof.dll
0x00007ffc16a40000 - 0x00007ffc16a5b000 	C:\Windows\System32\profapi.dll
0x00007ffc11f70000 - 0x00007ffc11f8a000 	G:\IstalledSw\AndroidStudio\jre\jre\bin\net.dll
0x00007ffc16270000 - 0x00007ffc162d6000 	C:\Windows\system32\mswsock.dll
0x00007ffc11000000 - 0x00007ffc11011000 	G:\IstalledSw\AndroidStudio\jre\jre\bin\nio.dll
0x00007ffc0c0c0000 - 0x00007ffc0c0e6000 	C:\Users\Said M\.gradle\native\31\windows-amd64\native-platform.dll
0x00007ffc10fb0000 - 0x00007ffc10fbd000 	G:\IstalledSw\AndroidStudio\jre\jre\bin\management.dll
0x00007ffc16430000 - 0x00007ffc16447000 	C:\Windows\SYSTEM32\CRYPTSP.dll
0x00007ffc15e80000 - 0x00007ffc15eb3000 	C:\Windows\system32\rsaenh.dll
0x00007ffc16530000 - 0x00007ffc16555000 	C:\Windows\SYSTEM32\bcrypt.dll
0x00007ffc16940000 - 0x00007ffc16969000 	C:\Windows\SYSTEM32\USERENV.dll
0x00007ffc16930000 - 0x00007ffc1693b000 	C:\Windows\SYSTEM32\CRYPTBASE.dll
0x00007ffc16000000 - 0x00007ffc16039000 	C:\Windows\SYSTEM32\IPHLPAPI.DLL
0x00007ffc1a0f0000 - 0x00007ffc1a0f8000 	C:\Windows\System32\NSI.dll
0x00007ffc0f870000 - 0x00007ffc0f886000 	C:\Windows\SYSTEM32\dhcpcsvc6.DLL
0x00007ffc0fc20000 - 0x00007ffc0fc3a000 	C:\Windows\SYSTEM32\dhcpcsvc.DLL
0x00007ffc0f690000 - 0x00007ffc0f6b4000 	G:\IstalledSw\AndroidStudio\jre\jre\bin\sunec.dll
0x00007ffc16040000 - 0x00007ffc160f6000 	C:\Windows\SYSTEM32\DNSAPI.dll
0x00007ffc0bb10000 - 0x00007ffc0bb1a000 	C:\Windows\System32\rasadhlp.dll
0x00007ffc0c950000 - 0x00007ffc0c9c0000 	C:\Windows\System32\fwpuclnt.dll
0x00007ffc12f00000 - 0x00007ffc12f0b000 	G:\IstalledSw\AndroidStudio\jre\jre\bin\sunmscapi.dll
0x00007ffc170b0000 - 0x00007ffc1727e000 	C:\Windows\System32\CRYPT32.dll
0x00007ffc16a80000 - 0x00007ffc16a92000 	C:\Windows\System32\MSASN1.dll

VM Arguments:
jvm_args: -Xmx1536m -Dfile.encoding=windows-1256 -Duser.country=GB -Duser.language=en -Duser.variant 
java_command: org.gradle.launcher.daemon.bootstrap.GradleDaemon 6.1.1
java_class_path (initial): C:\Users\Said M\.gradle\wrapper\dists\gradle-6.1.1-all\cfmwm155h49vnt3hynmlrsdst\gradle-6.1.1\lib\gradle-launcher-6.1.1.jar
Launcher Type: SUN_STANDARD

Environment Variables:
PATH=C:\ProgramData\Oracle\Java\javapath;C:\Windows\system32;C:\Windows;C:\Windows\System32\Wbem;C:\Windows\System32\WindowsPowerShell\v1.0\;C:\Program Files\Java\jdk1.8.0_101\bin;C:\Program Files (x86)\Microsoft SQL Server\100\Tools\Binn\;C:\Program Files\Microsoft SQL Server\100\Tools\Binn\;C:\Program Files\Microsoft SQL Server\100\DTS\Binn\;C:\Program Files\dotnet\;C:\Users\Said M\AppData\Local\Microsoft\WindowsApps;;G:\IstalledSw\vscode\Microsoft VS Code\bin;C:\Users\Said M\.dotnet\tools
USERNAME=Said M
OS=Windows_NT
PROCESSOR_IDENTIFIER=Intel64 Family 6 Model 61 Stepping 4, GenuineIntel



---------------  S Y S T E M  ---------------

OS: Windows 10.0 , 64 bit Build 16299 (10.0.16299.15)

CPU:total 4 (initial active 4) (2 cores per cpu, 2 threads per core) family 6 model 61 stepping 4, cmov, cx8, fxsr, mmx, sse, sse2, sse3, ssse3, sse4.1, sse4.2, popcnt, avx, avx2, aes, clmul, erms, 3dnowpref, lzcnt, ht, tsc, tscinvbit, bmi1, bmi2, adx

Memory: 4k page, physical 4107804k(408804k free), swap 4726744k(4016k free)

vm_info: OpenJDK 64-Bit Server VM (25.202-b03) for windows-amd64 JRE (1.8.0_202-release-1483-b03), built by "builder" with MS VC++ 10.0 (VS2010)

time: Mon Jan 18 16:56:00 2021
timezone: Pakistan Standard Time
elapsed time: 61 seconds (0d 0h 1m 1s)

